IQ-TREE version 3.0.1 for Linux x86 64-bit built Jul  9 2025
Developed by Bui Quang Minh, Thomas Wong, Nhan Ly-Trong, Huaiyan Ren
Contributed by Lam-Tung Nguyen, Dominik Schrempf, Chris Bielow,
Olga Chernomor, Michael Woodhams, Diep Thi Hoang, Heiko Schmidt

Host:    gypsum-gpu118 (AVX512, FMA3, 376 GB RAM)
Command: iqtree -s plat_vg_nuDNA_filtered.min14.phy.varsites.phy -m GTR+ASC -B 1000
Seed:    52572 (Using SPRNG - Scalable Parallel Random Number Generator)
Time:    Tue Jun  9 00:50:19 2026
Kernel:  AVX+FMA - 1 threads (20 CPU cores detected)

HINT: Use -nt option to specify number of threads because your CPU has 20 cores!
HINT: -nt AUTO will automatically determine the best number of threads to use.

Reading alignment file plat_vg_nuDNA_filtered.min14.phy.varsites.phy ... Phylip format detected
Alignment most likely contains DNA/RNA sequences
Constructing alignment: done in 1.02318 secs using 62.56% CPU
Alignment has 24 sequences with 470107 columns, 386574 distinct patterns
429849 parsimony-informative, 40258 singleton sites, 0 constant sites
                                 Gap/Ambiguity  Composition  p-value
Analyzing sequences: done in 0.143078 secs using 99.18% CPU
   1  MuseoWasp1_501_L1_1.q20.rmd.bam   17.40%    failed      0.00%
   2  MuseoWasp1_502_L1_1.q20.rmd.bam   19.62%    failed      0.00%
   3  MuseoWasp1_503_L1_1.q20.rmd.bam   12.88%    failed      0.00%
   4  MuseoWasp1_506_L1_1.q20.rmd.bam   28.93%    failed      0.00%
   5  MuseoWasp1_507_L1_1.q20.rmd.bam   49.81%    failed      0.00%
   6  MuseoWasp2_502_L1_1.q20.rmd.bam   25.85%    failed      0.00%
   7  MuseoWasp2_504_L1_1.q20.rmd.bam   93.77%    failed      0.00%
   8  MuseoWasp2_505_L1_1.q20.rmd.bam   50.58%    failed      0.00%
   9  MuseoWasp2_506_L1_1.q20.rmd.bam   25.45%    failed      0.00%
  10  MuseoWasp2_509_L1_1.q20.rmd.bam   38.08%    failed      0.00%
  11  MuseoWasp3_501_L1_1.q20.rmd.bam   50.52%    failed      0.00%
  12  MuseoWasp3_503_L1_1.q20.rmd.bam   14.94%    failed      0.00%
  13  MuseoWasp3_504_L1_1.q20.rmd.bam   58.68%    failed      0.00%
  14  MuseoWasp3_505_L1_1.q20.rmd.bam   17.82%    failed      0.00%
  15  MuseoWasp3_507_L1_1.q20.rmd.bam   16.74%    failed      0.00%
  16  MuseoWasp4_501_L1_1.q20.rmd.bam   97.66%    failed      0.00%
  17  MuseoWasp4_502_L1_1.q20.rmd.bam   61.24%    failed      0.00%
  18  MuseoWasp4_508_L1_1.q20.rmd.bam   20.73%    failed      0.00%
  19  MuseoWasp4_509_L1_1.q20.rmd.bam   20.10%    failed      0.00%
  20  MuseoWasp4_510_L1_1.q20.rmd.bam   86.76%    failed      0.00%
  21  SRR37165114.q20.rmd.bam           42.47%    failed      0.00%
  22  SRR37165121.q20.rmd.bam           32.95%    failed      0.00%
  23  SRR37165125.q20.rmd.bam           47.73%    failed      0.00%
  24  SRR37165136.q20.rmd.bam           35.09%    failed      0.00%
WARNING: 7 sequences contain more than 50% gaps/ambiguity
****  TOTAL                             40.24%  24 sequences failed composition chi2 test (p-value<5%; df=3)
NOTE: minimal branch length is reduced to 0.000000212718 for long alignment
Checking for duplicate sequences: done in 0.147419 secs using 98.96% CPU

Create initial parsimony tree by phylogenetic likelihood library (PLL)... 0.566 seconds
Generating 1000 samples for ultrafast bootstrap (seed: 52572)...

NOTE: 1775 MB RAM (1 GB) is required!
Estimate model parameters (epsilon = 0.100)
1. Initial log-likelihood: -2129734.837
2. Current log-likelihood: -1911563.361
3. Current log-likelihood: -1832448.894
4. Current log-likelihood: -1827043.592
5. Current log-likelihood: -1825713.950
6. Current log-likelihood: -1825359.268
7. Current log-likelihood: -1825253.584
8. Current log-likelihood: -1825219.933
9. Current log-likelihood: -1825208.808
10. Current log-likelihood: -1825204.936
11. Current log-likelihood: -1825203.631
12. Current log-likelihood: -1825202.957
Optimal log-likelihood: -1825202.824
Rate parameters:  A-C: 1.00474  A-G: 6.80909  A-T: 1.15205  C-G: 1.02973  C-T: 6.82007  G-T: 1.00000
Base frequencies:  A: 0.249  C: 0.252  G: 0.251  T: 0.248
Parameters optimization took 12 rounds (74.164 sec)
Wrote distance file to... 
Computing ML distances based on estimated model parameters...
Calculating distance matrix: done in 1.04421 secs using 99.98% CPU
Computing ML distances took 1.219423 sec (of wall-clock time) 1.219115 sec (of CPU time)
Setting up auxiliary I and S matrices: done in 0.000229389 secs using 105.9% CPU
Constructing RapidNJ tree: done in 0.000728299 secs
Computing RapidNJ tree took 0.001077 sec (of wall-clock time) 0.000253 sec (of CPU time)
Log-likelihood of RapidNJ tree: -1914789.152
--------------------------------------------------------------------
|             INITIALIZING CANDIDATE TREE SET                      |
--------------------------------------------------------------------
Generating 98 parsimony trees... 75.272 second
Computing log-likelihood of 98 initial trees ... 129.001 seconds
Current best score: -1825202.823

Do NNI search on 20 best initial trees
Optimizing NNI: done in 50.569 secs using 98.67% CPU
Estimate model parameters (epsilon = 0.100)
BETTER TREE FOUND at iteration 1: -1825198.762
Optimizing NNI: done in 89.5431 secs using 99.14% CPU
Optimizing NNI: done in 98.1885 secs using 99.47% CPU
Optimizing NNI: done in 87.6344 secs using 99.36% CPU
Optimizing NNI: done in 81.4005 secs using 99.7% CPU
Optimizing NNI: done in 94.6993 secs using 99.11% CPU
Optimizing NNI: done in 88.6155 secs using 99.91% CPU
Optimizing NNI: done in 87.3737 secs using 99.32% CPU
Optimizing NNI: done in 164.947 secs using 99.2% CPU
Estimate model parameters (epsilon = 0.100)
BETTER TREE FOUND at iteration 9: -1825198.044
Optimizing NNI: done in 87.2207 secs using 99.08% CPU
Iteration 10 / LogL: -1825321.884 / Time: 0h:21m:11s
Optimizing NNI: done in 88.0225 secs using 99.96% CPU
Optimizing NNI: done in 106.454 secs using 99.21% CPU
Optimizing NNI: done in 95.0635 secs using 99.7% CPU
Optimizing NNI: done in 128.98 secs using 99.39% CPU
Optimizing NNI: done in 86.2944 secs using 99.62% CPU
Optimizing NNI: done in 107.779 secs using 99.46% CPU
Optimizing NNI: done in 102.759 secs using 99.46% CPU
Optimizing NNI: done in 121.132 secs using 99.53% CPU
Optimizing NNI: done in 83.7743 secs using 99.35% CPU
Optimizing NNI: done in 95.0288 secs using 99.96% CPU
Iteration 20 / LogL: -1825238.060 / Time: 0h:38m:10s
Finish initializing candidate tree set (16)
Current best tree score: -1825198.044 / CPU time: 2171.535
Number of iterations: 20
--------------------------------------------------------------------
|               OPTIMIZING CANDIDATE TREE SET                      |
--------------------------------------------------------------------
Optimizing NNI: done in 41.7388 secs using 99.62% CPU
Optimizing NNI: done in 38.7979 secs using 99.61% CPU
Optimizing NNI: done in 32.7255 secs using 98.5% CPU
Estimate model parameters (epsilon = 0.100)
BETTER TREE FOUND at iteration 23: -1825197.772
Optimizing NNI: done in 36.0409 secs using 99.9% CPU
Optimizing NNI: done in 40.0211 secs using 99.57% CPU
Optimizing NNI: done in 46.9234 secs using 99.65% CPU
Optimizing NNI: done in 27.5973 secs using 99.45% CPU
Optimizing NNI: done in 60.0184 secs using 98.96% CPU
Optimizing NNI: done in 5.53868 secs using 99.11% CPU
Optimizing NNI: done in 37.9194 secs using 99.89% CPU
Iteration 30 / LogL: -1825245.093 / Time: 0h:44m:25s (2h:22m:25s left)
Optimizing NNI: done in 36.1564 secs using 99.61% CPU
Optimizing NNI: done in 65.4691 secs using 98.97% CPU
Optimizing NNI: done in 46.0831 secs using 99.74% CPU
Optimizing NNI: done in 17.1283 secs using 99.56% CPU
Optimizing NNI: done in 17.7003 secs using 99.94% CPU
Optimizing NNI: done in 21.7268 secs using 97.29% CPU
Optimizing NNI: done in 14.0607 secs using 99.87% CPU
Optimizing NNI: done in 33.0646 secs using 99.86% CPU
Optimizing NNI: done in 25.2031 secs using 99.46% CPU
Optimizing NNI: done in 33.614 secs using 99.56% CPU
Iteration 40 / LogL: -1825375.812 / Time: 0h:49m:40s (1h:45m:41s left)
Optimizing NNI: done in 19.4137 secs using 97.94% CPU
Optimizing NNI: done in 40.5777 secs using 99.94% CPU
Optimizing NNI: done in 10.0485 secs using 99.94% CPU
Optimizing NNI: done in 52.6214 secs using 99.69% CPU
Optimizing NNI: done in 29.2088 secs using 99.87% CPU
Optimizing NNI: done in 40.0035 secs using 99.69% CPU
Optimizing NNI: done in 15.6164 secs using 99.7% CPU
Optimizing NNI: done in 46.1965 secs using 99.62% CPU
Optimizing NNI: done in 53.0626 secs using 99.48% CPU
Optimizing NNI: done in 39.3804 secs using 99.89% CPU
Iteration 50 / LogL: -1825219.426 / Time: 0h:55m:31s (1h:22m:41s left)
Log-likelihood cutoff on original alignment: -1825201.953
Optimizing NNI: done in 48.3137 secs using 99.64% CPU
Optimizing NNI: done in 6.74849 secs using 94.79% CPU
Optimizing NNI: done in 54.9382 secs using 99.69% CPU
Optimizing NNI: done in 26.0345 secs using 98.33% CPU
Optimizing NNI: done in 40.7076 secs using 99.73% CPU
Optimizing NNI: done in 29.3718 secs using 98.31% CPU
Optimizing NNI: done in 35.2008 secs using 99.77% CPU
Optimizing NNI: done in 23.9333 secs using 99.85% CPU
Optimizing NNI: done in 14.4976 secs using 99.16% CPU
Optimizing NNI: done in 23.9045 secs using 97.77% CPU
Iteration 60 / LogL: -1825198.519 / Time: 1h:0m:39s (1h:4m:45s left)
Optimizing NNI: done in 47.5965 secs using 99.87% CPU
Optimizing NNI: done in 15.1128 secs using 98.92% CPU
Optimizing NNI: done in 40.4478 secs using 99.6% CPU
Optimizing NNI: done in 15.6307 secs using 99.89% CPU
Optimizing NNI: done in 22.7229 secs using 99.87% CPU
Optimizing NNI: done in 22.7499 secs using 99.39% CPU
Optimizing NNI: done in 36.783 secs using 99.56% CPU
Optimizing NNI: done in 38.1493 secs using 99.54% CPU
Optimizing NNI: done in 37.0351 secs using 99.59% CPU
Optimizing NNI: done in 20.9103 secs using 99.67% CPU
Iteration 70 / LogL: -1825330.062 / Time: 1h:5m:41s (0h:50m:26s left)
Optimizing NNI: done in 51.6644 secs using 99.75% CPU
Optimizing NNI: done in 22.8115 secs using 99.45% CPU
Optimizing NNI: done in 35.6139 secs using 99.6% CPU
Optimizing NNI: done in 57.8807 secs using 99.55% CPU
Optimizing NNI: done in 39.6542 secs using 99.85% CPU
Optimizing NNI: done in 26.8151 secs using 99.77% CPU
Optimizing NNI: done in 35.5094 secs using 99.69% CPU
Optimizing NNI: done in 50.9258 secs using 99.7% CPU
Optimizing NNI: done in 21.9214 secs using 99.34% CPU
Optimizing NNI: done in 5.89153 secs using 99.72% CPU
Iteration 80 / LogL: -1826928.607 / Time: 1h:11m:34s (0h:38m:57s left)
Optimizing NNI: done in 18.7021 secs using 97.79% CPU
Optimizing NNI: done in 5.75868 secs using 99.73% CPU
Optimizing NNI: done in 40.2902 secs using 99.85% CPU
Optimizing NNI: done in 12.2915 secs using 99.91% CPU
Optimizing NNI: done in 37.775 secs using 99.9% CPU
Optimizing NNI: done in 41.7387 secs using 99.93% CPU
Optimizing NNI: done in 5.51535 secs using 99.97% CPU
Optimizing NNI: done in 35.2364 secs using 99.58% CPU
Optimizing NNI: done in 20.1696 secs using 97.62% CPU
Optimizing NNI: done in 6.99679 secs using 98.76% CPU
Iteration 90 / LogL: -1825201.698 / Time: 1h:15m:23s (0h:27m:56s left)
Optimizing NNI: done in 41.9864 secs using 99.9% CPU
Optimizing NNI: done in 20.2824 secs using 99.32% CPU
Optimizing NNI: done in 23.3637 secs using 97.47% CPU
Optimizing NNI: done in 16.3636 secs using 99.91% CPU
Optimizing NNI: done in 21.2771 secs using 99.59% CPU
Optimizing NNI: done in 42.3794 secs using 99.27% CPU
Optimizing NNI: done in 42.9079 secs using 99.64% CPU
Optimizing NNI: done in 49.4158 secs using 99.66% CPU
Optimizing NNI: done in 33.2809 secs using 98.6% CPU
Optimizing NNI: done in 40.4493 secs using 99.8% CPU
Iteration 100 / LogL: -1825208.913 / Time: 1h:21m:0s (0h:18m:48s left)
Log-likelihood cutoff on original alignment: -1825201.953
NOTE: Bootstrap correlation coefficient of split occurrence frequencies: 1.000
Optimizing NNI: done in 62.7 secs using 99.17% CPU
Optimizing NNI: done in 32.319 secs using 99.93% CPU
Optimizing NNI: done in 22.4252 secs using 99.95% CPU
Optimizing NNI: done in 12.4066 secs using 99.95% CPU
Optimizing NNI: done in 33.4365 secs using 99.49% CPU
Optimizing NNI: done in 36.3115 secs using 99.88% CPU
Optimizing NNI: done in 17.3906 secs using 97.22% CPU
Optimizing NNI: done in 31.0414 secs using 98.93% CPU
Optimizing NNI: done in 12.223 secs using 99.87% CPU
Optimizing NNI: done in 41.8573 secs using 99.64% CPU
Iteration 110 / LogL: -1825512.382 / Time: 1h:26m:6s (1h:11m:5s left)
Optimizing NNI: done in 15.0238 secs using 96.96% CPU
Optimizing NNI: done in 53.6018 secs using 99.88% CPU
Optimizing NNI: done in 13.8396 secs using 99.2% CPU
Optimizing NNI: done in 34.0319 secs using 99.88% CPU
Optimizing NNI: done in 7.21844 secs using 99.93% CPU
Optimizing NNI: done in 36.9761 secs using 99.63% CPU
Optimizing NNI: done in 41.2027 secs using 99.61% CPU
Optimizing NNI: done in 49.3622 secs using 98.45% CPU
Optimizing NNI: done in 35.0684 secs using 99.88% CPU
Optimizing NNI: done in 31.4697 secs using 99.55% CPU
Iteration 120 / LogL: -1825226.320 / Time: 1h:31m:29s (1h:1m:29s left)
Optimizing NNI: done in 12.0579 secs using 96.23% CPU
Optimizing NNI: done in 44.6649 secs using 99.81% CPU
Optimizing NNI: done in 36.8132 secs using 99.57% CPU
Optimizing NNI: done in 31.2986 secs using 99.78% CPU
TREE SEARCH COMPLETED AFTER 124 ITERATIONS / Time: 1h:33m:35s

--------------------------------------------------------------------
|                    FINALIZING TREE SEARCH                        |
--------------------------------------------------------------------
Performs final model parameters optimization
Estimate model parameters (epsilon = 0.010)
1. Initial log-likelihood: -1825197.771
2. Current log-likelihood: -1825197.722
3. Current log-likelihood: -1825197.677
4. Current log-likelihood: -1825197.644
5. Current log-likelihood: -1825197.611
6. Current log-likelihood: -1825197.588
7. Current log-likelihood: -1825197.565
8. Current log-likelihood: -1825197.548
9. Current log-likelihood: -1825197.530
10. Current log-likelihood: -1825197.517
Optimal log-likelihood: -1825197.516
Rate parameters:  A-C: 1.00238  A-G: 6.78800  A-T: 1.15224  C-G: 1.02643  C-T: 6.79595  G-T: 1.00000
Base frequencies:  A: 0.249  C: 0.252  G: 0.251  T: 0.248
Parameters optimization took 10 rounds (22.671 sec)
BEST SCORE FOUND : -1825197.516
Creating bootstrap support values...
Split supports printed to NEXUS file plat_vg_nuDNA_filtered.min14.phy.varsites.phy.splits.nex
Total tree length: 0.281

Total number of iterations: 124
CPU time used for tree search: 5457.660 sec (1h:30m:57s)
Wall-clock time used for tree search: 5496.368 sec (1h:31m:36s)
Total CPU time used: 5598.123 sec (1h:33m:18s)
Total wall-clock time used: 5638.751 sec (1h:33m:58s)

Computing bootstrap consensus tree...
Reading input file plat_vg_nuDNA_filtered.min14.phy.varsites.phy.splits.nex...
24 taxa and 62 splits.
Consensus tree written to plat_vg_nuDNA_filtered.min14.phy.varsites.phy.contree
Reading input trees file plat_vg_nuDNA_filtered.min14.phy.varsites.phy.contree
Log-likelihood of consensus tree: -1825204.596

Analysis results written to: 
  IQ-TREE report:                plat_vg_nuDNA_filtered.min14.phy.varsites.phy.iqtree
  Maximum-likelihood tree:       plat_vg_nuDNA_filtered.min14.phy.varsites.phy.treefile
  Likelihood distances:          plat_vg_nuDNA_filtered.min14.phy.varsites.phy.mldist

Ultrafast bootstrap approximation results written to:
  Split support values:          plat_vg_nuDNA_filtered.min14.phy.varsites.phy.splits.nex
  Consensus tree:                plat_vg_nuDNA_filtered.min14.phy.varsites.phy.contree
  Screen log file:               plat_vg_nuDNA_filtered.min14.phy.varsites.phy.log

Date and Time: Tue Jun  9 02:25:07 2026
